<?xml version="1.0" encoding="UTF-8"?>
<!-- Generated by org.testng.reporters.JUnitReportReporter -->
<testsuite hostname="DESKTOP-MQK53ML" failures="0" tests="1" name="JDBCpackage.Selectquery_Sample" time="0.708" errors="0" timestamp="2022-01-26T17:50:26 IST" skipped="0">
  <testcase classname="JDBCpackage.Selectquery_Sample" name="selectquery" time="0.708"/>
  <system-out/>
</testsuite> <!-- JDBCpackage.Selectquery_Sample -->
